0 info it worked if it ends with ok
1 verbose cli [ 'node', '/usr/local/bin/npm', 'install', 'bl' ]
2 info using npm@1.4.28
3 info using node@v0.10.33
4 verbose cache add [ 'bl', null ]
5 verbose cache add name=undefined spec="bl" args=["bl",null]
6 verbose parsed url { protocol: null,
6 verbose parsed url   slashes: null,
6 verbose parsed url   auth: null,
6 verbose parsed url   host: null,
6 verbose parsed url   port: null,
6 verbose parsed url   hostname: null,
6 verbose parsed url   hash: null,
6 verbose parsed url   search: null,
6 verbose parsed url   query: null,
6 verbose parsed url   pathname: 'bl',
6 verbose parsed url   path: 'bl',
6 verbose parsed url   href: 'bl' }
7 silly lockFile f55fb781-bl bl
8 verbose lock bl /Users/peiyang/.npm/f55fb781-bl.lock
9 silly lockFile f55fb781-bl bl
10 silly lockFile f55fb781-bl bl
11 verbose addNamed [ 'bl', '' ]
12 verbose addNamed [ null, '*' ]
13 silly lockFile f83e65ee-bl bl@
14 verbose lock bl@ /Users/peiyang/.npm/f83e65ee-bl.lock
15 silly addNameRange { name: 'bl', range: '*', hasData: false }
16 verbose request where is /bl
17 verbose request registry https://registry.npmjs.org/
18 verbose request id 7d9cdfbde7361880
19 verbose url raw /bl
20 verbose url resolving [ 'https://registry.npmjs.org/', './bl' ]
21 verbose url resolved https://registry.npmjs.org/bl
22 verbose request where is https://registry.npmjs.org/bl
23 info trying registry request attempt 1 at 11:43:18
24 verbose etag "41TC3DLTU8Q9D1QH05I5X20DY"
25 http GET https://registry.npmjs.org/bl
26 http 304 https://registry.npmjs.org/bl
27 silly registry.get cb [ 304,
27 silly registry.get   { date: 'Wed, 24 Dec 2014 19:43:19 GMT',
27 silly registry.get     server: 'Apache',
27 silly registry.get     via: '1.1 varnish',
27 silly registry.get     'last-modified': 'Wed, 24 Dec 2014 19:43:19 GMT',
27 silly registry.get     'cache-control': 'max-age=60',
27 silly registry.get     etag: '"41TC3DLTU8Q9D1QH05I5X20DY"',
27 silly registry.get     age: '12',
27 silly registry.get     'x-served-by': 'cache-lax1430-LAX',
27 silly registry.get     'x-cache': 'HIT',
27 silly registry.get     'x-cache-hits': '1',
27 silly registry.get     'x-timer': 'S1419450199.388540,VS0,VE0',
27 silly registry.get     vary: 'Accept',
27 silly registry.get     'content-length': '0',
27 silly registry.get     'keep-alive': 'timeout=10, max=50',
27 silly registry.get     connection: 'Keep-Alive' } ]
28 verbose etag https://registry.npmjs.org/bl from cache
29 silly addNameRange number 2 { name: 'bl', range: '*', hasData: true }
30 silly addNameRange versions [ 'bl',
30 silly addNameRange   [ '0.0.0',
30 silly addNameRange     '0.1.0',
30 silly addNameRange     '0.1.1',
30 silly addNameRange     '0.2.0',
30 silly addNameRange     '0.3.0',
30 silly addNameRange     '0.4.0',
30 silly addNameRange     '0.4.1',
30 silly addNameRange     '0.4.2',
30 silly addNameRange     '0.5.0',
30 silly addNameRange     '0.6.0',
30 silly addNameRange     '0.7.0',
30 silly addNameRange     '0.8.0',
30 silly addNameRange     '0.8.1',
30 silly addNameRange     '0.8.2',
30 silly addNameRange     '0.9.0',
30 silly addNameRange     '0.9.1',
30 silly addNameRange     '0.9.2',
30 silly addNameRange     '0.9.3' ] ]
31 verbose addNamed [ 'bl', '0.9.3' ]
32 verbose addNamed [ '0.9.3', '0.9.3' ]
33 silly lockFile eff7bced-bl-0-9-3 bl@0.9.3
34 verbose lock bl@0.9.3 /Users/peiyang/.npm/eff7bced-bl-0-9-3.lock
35 silly lockFile 95e20b5f-gistry-npmjs-org-bl-bl-0-9-3-tgz https://registry.npmjs.org/bl/-/bl-0.9.3.tgz
36 verbose lock https://registry.npmjs.org/bl/-/bl-0.9.3.tgz /Users/peiyang/.npm/95e20b5f-gistry-npmjs-org-bl-bl-0-9-3-tgz.lock
37 verbose addRemoteTarball [ 'https://registry.npmjs.org/bl/-/bl-0.9.3.tgz',
37 verbose addRemoteTarball   'c41eff3e7cb31bde107c8f10076d274eff7f7d44' ]
38 info retry fetch attempt 1 at 11:43:19
39 verbose fetch to= /var/folders/ln/vp5rgr314xn7zj3xb18lbp2h0000gn/T/npm-5291-NFVLKwjL/registry.npmjs.org/bl/-/bl-0.9.3.tgz
40 http GET https://registry.npmjs.org/bl/-/bl-0.9.3.tgz
41 http 200 https://registry.npmjs.org/bl/-/bl-0.9.3.tgz
42 silly lockFile 95e20b5f-gistry-npmjs-org-bl-bl-0-9-3-tgz https://registry.npmjs.org/bl/-/bl-0.9.3.tgz
43 silly lockFile 95e20b5f-gistry-npmjs-org-bl-bl-0-9-3-tgz https://registry.npmjs.org/bl/-/bl-0.9.3.tgz
44 silly lockFile eff7bced-bl-0-9-3 bl@0.9.3
45 silly lockFile eff7bced-bl-0-9-3 bl@0.9.3
46 silly lockFile f83e65ee-bl bl@
47 silly lockFile f83e65ee-bl bl@
48 error Error: EACCES, mkdir '/Users/peiyang/.npm/bl/0.9.3'
48 error  { [Error: EACCES, mkdir '/Users/peiyang/.npm/bl/0.9.3']
48 error   errno: 3,
48 error   code: 'EACCES',
48 error   path: '/Users/peiyang/.npm/bl/0.9.3' }
49 error Please try running this command again as root/Administrator.
50 error System Darwin 13.4.0
51 error command "node" "/usr/local/bin/npm" "install" "bl"
52 error cwd /Users/peiyang/Documents/Projects/Node JS
53 error node -v v0.10.33
54 error npm -v 1.4.28
55 error path /Users/peiyang/.npm/bl/0.9.3
56 error code EACCES
57 error errno 3
58 error stack Error: EACCES, mkdir '/Users/peiyang/.npm/bl/0.9.3'
59 verbose exit [ 3, true ]
