0 info it worked if it ends with ok
1 verbose cli [ 'node', '/usr/local/bin/npm', 'install' ]
2 info using npm@1.4.28
3 info using node@v0.10.33
4 verbose readDependencies using package.json deps
5 verbose install where, deps [ '/Users/peiyang/Documents/Projects/Node JS/Simple Web Application #2/app',
5 verbose install   [ 'express',
5 verbose install     'body-parser',
5 verbose install     'cookie-parser',
5 verbose install     'morgan',
5 verbose install     'serve-favicon',
5 verbose install     'debug',
5 verbose install     'jade',
5 verbose install     'mongodb',
5 verbose install     'monk' ] ]
6 info preinstall app@0.0.0
7 verbose readDependencies using package.json deps
8 verbose cache add [ 'express@~4.9.0', null ]
9 verbose cache add name=undefined spec="express@~4.9.0" args=["express@~4.9.0",null]
10 verbose parsed url { protocol: null,
10 verbose parsed url   slashes: null,
10 verbose parsed url   auth: null,
10 verbose parsed url   host: null,
10 verbose parsed url   port: null,
10 verbose parsed url   hostname: null,
10 verbose parsed url   hash: null,
10 verbose parsed url   search: null,
10 verbose parsed url   query: null,
10 verbose parsed url   pathname: 'express@~4.9.0',
10 verbose parsed url   path: 'express@~4.9.0',
10 verbose parsed url   href: 'express@~4.9.0' }
11 verbose cache add [ 'body-parser@~1.8.1', null ]
12 verbose cache add name=undefined spec="body-parser@~1.8.1" args=["body-parser@~1.8.1",null]
13 verbose parsed url { protocol: null,
13 verbose parsed url   slashes: null,
13 verbose parsed url   auth: null,
13 verbose parsed url   host: null,
13 verbose parsed url   port: null,
13 verbose parsed url   hostname: null,
13 verbose parsed url   hash: null,
13 verbose parsed url   search: null,
13 verbose parsed url   query: null,
13 verbose parsed url   pathname: 'body-parser@~1.8.1',
13 verbose parsed url   path: 'body-parser@~1.8.1',
13 verbose parsed url   href: 'body-parser@~1.8.1' }
14 verbose cache add [ 'cookie-parser@~1.3.3', null ]
15 verbose cache add name=undefined spec="cookie-parser@~1.3.3" args=["cookie-parser@~1.3.3",null]
16 verbose parsed url { protocol: null,
16 verbose parsed url   slashes: null,
16 verbose parsed url   auth: null,
16 verbose parsed url   host: null,
16 verbose parsed url   port: null,
16 verbose parsed url   hostname: null,
16 verbose parsed url   hash: null,
16 verbose parsed url   search: null,
16 verbose parsed url   query: null,
16 verbose parsed url   pathname: 'cookie-parser@~1.3.3',
16 verbose parsed url   path: 'cookie-parser@~1.3.3',
16 verbose parsed url   href: 'cookie-parser@~1.3.3' }
17 verbose cache add [ 'morgan@~1.3.0', null ]
18 verbose cache add name=undefined spec="morgan@~1.3.0" args=["morgan@~1.3.0",null]
19 verbose parsed url { protocol: null,
19 verbose parsed url   slashes: null,
19 verbose parsed url   auth: null,
19 verbose parsed url   host: null,
19 verbose parsed url   port: null,
19 verbose parsed url   hostname: null,
19 verbose parsed url   hash: null,
19 verbose parsed url   search: null,
19 verbose parsed url   query: null,
19 verbose parsed url   pathname: 'morgan@~1.3.0',
19 verbose parsed url   path: 'morgan@~1.3.0',
19 verbose parsed url   href: 'morgan@~1.3.0' }
20 verbose cache add [ 'serve-favicon@~2.1.3', null ]
21 verbose cache add name=undefined spec="serve-favicon@~2.1.3" args=["serve-favicon@~2.1.3",null]
22 verbose parsed url { protocol: null,
22 verbose parsed url   slashes: null,
22 verbose parsed url   auth: null,
22 verbose parsed url   host: null,
22 verbose parsed url   port: null,
22 verbose parsed url   hostname: null,
22 verbose parsed url   hash: null,
22 verbose parsed url   search: null,
22 verbose parsed url   query: null,
22 verbose parsed url   pathname: 'serve-favicon@~2.1.3',
22 verbose parsed url   path: 'serve-favicon@~2.1.3',
22 verbose parsed url   href: 'serve-favicon@~2.1.3' }
23 verbose cache add name="express" spec="~4.9.0" args=["express","~4.9.0"]
24 verbose parsed url { protocol: null,
24 verbose parsed url   slashes: null,
24 verbose parsed url   auth: null,
24 verbose parsed url   host: null,
24 verbose parsed url   port: null,
24 verbose parsed url   hostname: null,
24 verbose parsed url   hash: null,
24 verbose parsed url   search: null,
24 verbose parsed url   query: null,
24 verbose parsed url   pathname: '~4.9.0',
24 verbose parsed url   path: '~4.9.0',
24 verbose parsed url   href: '~4.9.0' }
25 verbose addNamed [ 'express', '~4.9.0' ]
26 verbose addNamed [ null, '>=4.9.0-0 <4.10.0-0' ]
27 verbose cache add name="body-parser" spec="~1.8.1" args=["body-parser","~1.8.1"]
28 verbose parsed url { protocol: null,
28 verbose parsed url   slashes: null,
28 verbose parsed url   auth: null,
28 verbose parsed url   host: null,
28 verbose parsed url   port: null,
28 verbose parsed url   hostname: null,
28 verbose parsed url   hash: null,
28 verbose parsed url   search: null,
28 verbose parsed url   query: null,
28 verbose parsed url   pathname: '~1.8.1',
28 verbose parsed url   path: '~1.8.1',
28 verbose parsed url   href: '~1.8.1' }
29 verbose addNamed [ 'body-parser', '~1.8.1' ]
30 verbose addNamed [ null, '>=1.8.1-0 <1.9.0-0' ]
31 verbose cache add name="cookie-parser" spec="~1.3.3" args=["cookie-parser","~1.3.3"]
32 verbose parsed url { protocol: null,
32 verbose parsed url   slashes: null,
32 verbose parsed url   auth: null,
32 verbose parsed url   host: null,
32 verbose parsed url   port: null,
32 verbose parsed url   hostname: null,
32 verbose parsed url   hash: null,
32 verbose parsed url   search: null,
32 verbose parsed url   query: null,
32 verbose parsed url   pathname: '~1.3.3',
32 verbose parsed url   path: '~1.3.3',
32 verbose parsed url   href: '~1.3.3' }
33 verbose addNamed [ 'cookie-parser', '~1.3.3' ]
34 verbose addNamed [ null, '>=1.3.3-0 <1.4.0-0' ]
35 verbose cache add name="morgan" spec="~1.3.0" args=["morgan","~1.3.0"]
36 verbose parsed url { protocol: null,
36 verbose parsed url   slashes: null,
36 verbose parsed url   auth: null,
36 verbose parsed url   host: null,
36 verbose parsed url   port: null,
36 verbose parsed url   hostname: null,
36 verbose parsed url   hash: null,
36 verbose parsed url   search: null,
36 verbose parsed url   query: null,
36 verbose parsed url   pathname: '~1.3.0',
36 verbose parsed url   path: '~1.3.0',
36 verbose parsed url   href: '~1.3.0' }
37 verbose addNamed [ 'morgan', '~1.3.0' ]
38 verbose addNamed [ null, '>=1.3.0-0 <1.4.0-0' ]
39 verbose cache add [ 'debug@~2.0.0', null ]
40 verbose cache add name=undefined spec="debug@~2.0.0" args=["debug@~2.0.0",null]
41 verbose parsed url { protocol: null,
41 verbose parsed url   slashes: null,
41 verbose parsed url   auth: null,
41 verbose parsed url   host: null,
41 verbose parsed url   port: null,
41 verbose parsed url   hostname: null,
41 verbose parsed url   hash: null,
41 verbose parsed url   search: null,
41 verbose parsed url   query: null,
41 verbose parsed url   pathname: 'debug@~2.0.0',
41 verbose parsed url   path: 'debug@~2.0.0',
41 verbose parsed url   href: 'debug@~2.0.0' }
42 verbose cache add [ 'jade@~1.6.0', null ]
43 verbose cache add name=undefined spec="jade@~1.6.0" args=["jade@~1.6.0",null]
44 verbose parsed url { protocol: null,
44 verbose parsed url   slashes: null,
44 verbose parsed url   auth: null,
44 verbose parsed url   host: null,
44 verbose parsed url   port: null,
44 verbose parsed url   hostname: null,
44 verbose parsed url   hash: null,
44 verbose parsed url   search: null,
44 verbose parsed url   query: null,
44 verbose parsed url   pathname: 'jade@~1.6.0',
44 verbose parsed url   path: 'jade@~1.6.0',
44 verbose parsed url   href: 'jade@~1.6.0' }
45 verbose cache add name="serve-favicon" spec="~2.1.3" args=["serve-favicon","~2.1.3"]
46 verbose parsed url { protocol: null,
46 verbose parsed url   slashes: null,
46 verbose parsed url   auth: null,
46 verbose parsed url   host: null,
46 verbose parsed url   port: null,
46 verbose parsed url   hostname: null,
46 verbose parsed url   hash: null,
46 verbose parsed url   search: null,
46 verbose parsed url   query: null,
46 verbose parsed url   pathname: '~2.1.3',
46 verbose parsed url   path: '~2.1.3',
46 verbose parsed url   href: '~2.1.3' }
47 verbose addNamed [ 'serve-favicon', '~2.1.3' ]
48 verbose addNamed [ null, '>=2.1.3-0 <2.2.0-0' ]
49 silly lockFile 6ae7fa08-express-4-9-0 express@~4.9.0
50 verbose lock express@~4.9.0 /Users/peiyang/.npm/6ae7fa08-express-4-9-0.lock
51 silly lockFile a49948c1-body-parser-1-8-1 body-parser@~1.8.1
52 verbose lock body-parser@~1.8.1 /Users/peiyang/.npm/a49948c1-body-parser-1-8-1.lock
53 silly lockFile bf5babd8-cookie-parser-1-3-3 cookie-parser@~1.3.3
54 verbose lock cookie-parser@~1.3.3 /Users/peiyang/.npm/bf5babd8-cookie-parser-1-3-3.lock
55 silly lockFile a4a9bdf4-morgan-1-3-0 morgan@~1.3.0
56 verbose lock morgan@~1.3.0 /Users/peiyang/.npm/a4a9bdf4-morgan-1-3-0.lock
57 silly lockFile 38295489-serve-favicon-2-1-3 serve-favicon@~2.1.3
58 verbose lock serve-favicon@~2.1.3 /Users/peiyang/.npm/38295489-serve-favicon-2-1-3.lock
59 verbose cache add name="debug" spec="~2.0.0" args=["debug","~2.0.0"]
60 verbose parsed url { protocol: null,
60 verbose parsed url   slashes: null,
60 verbose parsed url   auth: null,
60 verbose parsed url   host: null,
60 verbose parsed url   port: null,
60 verbose parsed url   hostname: null,
60 verbose parsed url   hash: null,
60 verbose parsed url   search: null,
60 verbose parsed url   query: null,
60 verbose parsed url   pathname: '~2.0.0',
60 verbose parsed url   path: '~2.0.0',
60 verbose parsed url   href: '~2.0.0' }
61 verbose addNamed [ 'debug', '~2.0.0' ]
62 verbose addNamed [ null, '>=2.0.0-0 <2.1.0-0' ]
63 silly lockFile 12b6356d-debug-2-0-0 debug@~2.0.0
64 verbose lock debug@~2.0.0 /Users/peiyang/.npm/12b6356d-debug-2-0-0.lock
65 verbose cache add [ 'mongodb@*', null ]
66 verbose cache add name=undefined spec="mongodb@*" args=["mongodb@*",null]
67 verbose parsed url { protocol: null,
67 verbose parsed url   slashes: null,
67 verbose parsed url   auth: null,
67 verbose parsed url   host: null,
67 verbose parsed url   port: null,
67 verbose parsed url   hostname: null,
67 verbose parsed url   hash: null,
67 verbose parsed url   search: null,
67 verbose parsed url   query: null,
67 verbose parsed url   pathname: 'mongodb@*',
67 verbose parsed url   path: 'mongodb@*',
67 verbose parsed url   href: 'mongodb@*' }
68 verbose cache add [ 'monk@*', null ]
69 verbose cache add name=undefined spec="monk@*" args=["monk@*",null]
70 verbose parsed url { protocol: null,
70 verbose parsed url   slashes: null,
70 verbose parsed url   auth: null,
70 verbose parsed url   host: null,
70 verbose parsed url   port: null,
70 verbose parsed url   hostname: null,
70 verbose parsed url   hash: null,
70 verbose parsed url   search: null,
70 verbose parsed url   query: null,
70 verbose parsed url   pathname: 'monk@*',
70 verbose parsed url   path: 'monk@*',
70 verbose parsed url   href: 'monk@*' }
71 verbose cache add name="jade" spec="~1.6.0" args=["jade","~1.6.0"]
72 verbose parsed url { protocol: null,
72 verbose parsed url   slashes: null,
72 verbose parsed url   auth: null,
72 verbose parsed url   host: null,
72 verbose parsed url   port: null,
72 verbose parsed url   hostname: null,
72 verbose parsed url   hash: null,
72 verbose parsed url   search: null,
72 verbose parsed url   query: null,
72 verbose parsed url   pathname: '~1.6.0',
72 verbose parsed url   path: '~1.6.0',
72 verbose parsed url   href: '~1.6.0' }
73 verbose addNamed [ 'jade', '~1.6.0' ]
74 verbose addNamed [ null, '>=1.6.0-0 <1.7.0-0' ]
75 silly lockFile ad8c17a8-jade-1-6-0 jade@~1.6.0
76 verbose lock jade@~1.6.0 /Users/peiyang/.npm/ad8c17a8-jade-1-6-0.lock
77 verbose cache add name="mongodb" spec="*" args=["mongodb","*"]
78 verbose parsed url { protocol: null,
78 verbose parsed url   slashes: null,
78 verbose parsed url   auth: null,
78 verbose parsed url   host: null,
78 verbose parsed url   port: null,
78 verbose parsed url   hostname: null,
78 verbose parsed url   hash: null,
78 verbose parsed url   search: null,
78 verbose parsed url   query: null,
78 verbose parsed url   pathname: '*',
78 verbose parsed url   path: '*',
78 verbose parsed url   href: '*' }
79 verbose addNamed [ 'mongodb', '*' ]
80 verbose addNamed [ null, '*' ]
81 silly lockFile 842f93d5-mongodb mongodb@*
82 verbose lock mongodb@* /Users/peiyang/.npm/842f93d5-mongodb.lock
83 verbose cache add name="monk" spec="*" args=["monk","*"]
84 verbose parsed url { protocol: null,
84 verbose parsed url   slashes: null,
84 verbose parsed url   auth: null,
84 verbose parsed url   host: null,
84 verbose parsed url   port: null,
84 verbose parsed url   hostname: null,
84 verbose parsed url   hash: null,
84 verbose parsed url   search: null,
84 verbose parsed url   query: null,
84 verbose parsed url   pathname: '*',
84 verbose parsed url   path: '*',
84 verbose parsed url   href: '*' }
85 verbose addNamed [ 'monk', '*' ]
86 verbose addNamed [ null, '*' ]
87 silly lockFile 0950a84a-monk monk@*
88 verbose lock monk@* /Users/peiyang/.npm/0950a84a-monk.lock
89 silly addNameRange { name: 'express', range: '>=4.9.0-0 <4.10.0-0', hasData: false }
90 silly addNameRange { name: 'body-parser',
90 silly addNameRange   range: '>=1.8.1-0 <1.9.0-0',
90 silly addNameRange   hasData: false }
91 silly addNameRange { name: 'serve-favicon',
91 silly addNameRange   range: '>=2.1.3-0 <2.2.0-0',
91 silly addNameRange   hasData: false }
92 silly addNameRange { name: 'cookie-parser',
92 silly addNameRange   range: '>=1.3.3-0 <1.4.0-0',
92 silly addNameRange   hasData: false }
93 silly addNameRange { name: 'morgan', range: '>=1.3.0-0 <1.4.0-0', hasData: false }
94 silly addNameRange { name: 'debug', range: '>=2.0.0-0 <2.1.0-0', hasData: false }
95 silly addNameRange { name: 'jade', range: '>=1.6.0-0 <1.7.0-0', hasData: false }
96 verbose request where is /body-parser
97 verbose request registry https://registry.npmjs.org/
98 verbose request id 53453d1a3d990fc0
99 verbose url raw /body-parser
100 verbose url resolving [ 'https://registry.npmjs.org/', './body-parser' ]
101 verbose url resolved https://registry.npmjs.org/body-parser
102 verbose request where is https://registry.npmjs.org/body-parser
103 info trying registry request attempt 1 at 13:25:42
104 http GET https://registry.npmjs.org/body-parser
105 verbose request where is /serve-favicon
106 verbose request registry https://registry.npmjs.org/
107 verbose url raw /serve-favicon
108 verbose url resolving [ 'https://registry.npmjs.org/', './serve-favicon' ]
109 verbose url resolved https://registry.npmjs.org/serve-favicon
110 verbose request where is https://registry.npmjs.org/serve-favicon
111 info trying registry request attempt 1 at 13:25:42
112 http GET https://registry.npmjs.org/serve-favicon
113 verbose request where is /cookie-parser
114 verbose request registry https://registry.npmjs.org/
115 verbose url raw /cookie-parser
116 verbose url resolving [ 'https://registry.npmjs.org/', './cookie-parser' ]
117 verbose url resolved https://registry.npmjs.org/cookie-parser
118 verbose request where is https://registry.npmjs.org/cookie-parser
119 info trying registry request attempt 1 at 13:25:42
120 http GET https://registry.npmjs.org/cookie-parser
121 verbose request where is /morgan
122 verbose request registry https://registry.npmjs.org/
123 verbose url raw /morgan
124 verbose url resolving [ 'https://registry.npmjs.org/', './morgan' ]
125 verbose url resolved https://registry.npmjs.org/morgan
126 verbose request where is https://registry.npmjs.org/morgan
127 info trying registry request attempt 1 at 13:25:42
128 http GET https://registry.npmjs.org/morgan
129 silly addNameRange { name: 'mongodb', range: '*', hasData: false }
130 silly addNameRange { name: 'monk', range: '*', hasData: false }
131 verbose request where is /jade
132 verbose request registry https://registry.npmjs.org/
133 verbose url raw /jade
134 verbose url resolving [ 'https://registry.npmjs.org/', './jade' ]
135 verbose url resolved https://registry.npmjs.org/jade
136 verbose request where is https://registry.npmjs.org/jade
137 info trying registry request attempt 1 at 13:25:42
138 http GET https://registry.npmjs.org/jade
139 verbose request where is /mongodb
140 verbose request registry https://registry.npmjs.org/
141 verbose url raw /mongodb
142 verbose url resolving [ 'https://registry.npmjs.org/', './mongodb' ]
143 verbose url resolved https://registry.npmjs.org/mongodb
144 verbose request where is https://registry.npmjs.org/mongodb
145 info trying registry request attempt 1 at 13:25:42
146 http GET https://registry.npmjs.org/mongodb
147 verbose request where is /monk
148 verbose request registry https://registry.npmjs.org/
149 verbose url raw /monk
150 verbose url resolving [ 'https://registry.npmjs.org/', './monk' ]
151 verbose url resolved https://registry.npmjs.org/monk
152 verbose request where is https://registry.npmjs.org/monk
153 info trying registry request attempt 1 at 13:25:42
154 http GET https://registry.npmjs.org/monk
155 verbose request where is /express
156 verbose request registry https://registry.npmjs.org/
157 verbose url raw /express
158 verbose url resolving [ 'https://registry.npmjs.org/', './express' ]
159 verbose url resolved https://registry.npmjs.org/express
160 verbose request where is https://registry.npmjs.org/express
161 info trying registry request attempt 1 at 13:25:42
162 verbose etag "B73A3MTAH50MN0RPQJN2GQJXH"
163 http GET https://registry.npmjs.org/express
164 verbose request where is /debug
165 verbose request registry https://registry.npmjs.org/
166 verbose url raw /debug
167 verbose url resolving [ 'https://registry.npmjs.org/', './debug' ]
168 verbose url resolved https://registry.npmjs.org/debug
169 verbose request where is https://registry.npmjs.org/debug
170 info trying registry request attempt 1 at 13:25:42
171 verbose etag "CM1LNN7D47C5G10YNE04A7O8S"
172 http GET https://registry.npmjs.org/debug
173 http 200 https://registry.npmjs.org/morgan
174 silly registry.get cb [ 200,
174 silly registry.get   { date: 'Sun, 04 Jan 2015 21:25:42 GMT',
174 silly registry.get     server: 'CouchDB/1.5.0 (Erlang OTP/R16B03)',
174 silly registry.get     etag: '"5GB169AIMOSXLXSBY1XBDUPBB"',
174 silly registry.get     'content-type': 'application/json',
174 silly registry.get     'cache-control': 'max-age=60',
174 silly registry.get     'content-length': '33616',
174 silly registry.get     'accept-ranges': 'bytes',
174 silly registry.get     via: '1.1 varnish',
174 silly registry.get     age: '37',
174 silly registry.get     'x-served-by': 'cache-sjc3125-SJC',
174 silly registry.get     'x-cache': 'HIT',
174 silly registry.get     'x-cache-hits': '1',
174 silly registry.get     'x-timer': 'S1420406742.997527,VS0,VE0',
174 silly registry.get     vary: 'Accept',
174 silly registry.get     'keep-alive': 'timeout=10, max=50',
174 silly registry.get     connection: 'Keep-Alive' } ]
175 silly addNameRange number 2 { name: 'morgan', range: '>=1.3.0-0 <1.4.0-0', hasData: true }
176 silly addNameRange versions [ 'morgan',
176 silly addNameRange   [ '1.0.0',
176 silly addNameRange     '1.0.1',
176 silly addNameRange     '1.1.0',
176 silly addNameRange     '1.1.1',
176 silly addNameRange     '1.2.0',
176 silly addNameRange     '1.2.1',
176 silly addNameRange     '1.2.2',
176 silly addNameRange     '1.2.3',
176 silly addNameRange     '1.3.0',
176 silly addNameRange     '1.3.1',
176 silly addNameRange     '1.3.2',
176 silly addNameRange     '1.4.0',
176 silly addNameRange     '1.4.1',
176 silly addNameRange     '1.5.0',
176 silly addNameRange     '1.5.1' ] ]
177 verbose addNamed [ 'morgan', '1.3.2' ]
178 verbose addNamed [ '1.3.2', '1.3.2' ]
179 silly lockFile 7e2b41c6-morgan-1-3-2 morgan@1.3.2
180 verbose lock morgan@1.3.2 /Users/peiyang/.npm/7e2b41c6-morgan-1-3-2.lock
181 silly lockFile cac8e271-pmjs-org-morgan-morgan-1-3-2-tgz https://registry.npmjs.org/morgan/-/morgan-1.3.2.tgz
182 verbose lock https://registry.npmjs.org/morgan/-/morgan-1.3.2.tgz /Users/peiyang/.npm/cac8e271-pmjs-org-morgan-morgan-1-3-2-tgz.lock
183 verbose addRemoteTarball [ 'https://registry.npmjs.org/morgan/-/morgan-1.3.2.tgz',
183 verbose addRemoteTarball   'ac41aa15221ee4e5f2ac843896b6918139a18efd' ]
184 info retry fetch attempt 1 at 13:25:42
185 verbose fetch to= /var/folders/ln/vp5rgr314xn7zj3xb18lbp2h0000gn/T/npm-32391-uSwylsEH/registry.npmjs.org/morgan/-/morgan-1.3.2.tgz
186 http GET https://registry.npmjs.org/morgan/-/morgan-1.3.2.tgz
187 http 200 https://registry.npmjs.org/jade
188 silly registry.get cb [ 200,
188 silly registry.get   { date: 'Sun, 04 Jan 2015 21:25:43 GMT',
188 silly registry.get     server: 'CouchDB/1.5.0 (Erlang OTP/R16B03)',
188 silly registry.get     etag: '"ES4MCCDPNRKMEZM28VTIL21QO"',
188 silly registry.get     'content-type': 'application/json',
188 silly registry.get     'cache-control': 'max-age=60',
188 silly registry.get     'content-length': '133844',
188 silly registry.get     'accept-ranges': 'bytes',
188 silly registry.get     via: '1.1 varnish',
188 silly registry.get     age: '7',
188 silly registry.get     'x-served-by': 'cache-sjc3133-SJC',
188 silly registry.get     'x-cache': 'HIT',
188 silly registry.get     'x-cache-hits': '1',
188 silly registry.get     'x-timer': 'S1420406743.002393,VS0,VE0',
188 silly registry.get     vary: 'Accept',
188 silly registry.get     'keep-alive': 'timeout=10, max=50',
188 silly registry.get     connection: 'Keep-Alive' } ]
189 silly addNameRange number 2 { name: 'jade', range: '>=1.6.0-0 <1.7.0-0', hasData: true }
190 silly addNameRange versions [ 'jade',
190 silly addNameRange   [ '0.0.1',
190 silly addNameRange     '0.0.2',
190 silly addNameRange     '0.1.0',
190 silly addNameRange     '0.2.0',
190 silly addNameRange     '0.2.1',
190 silly addNameRange     '0.2.2',
190 silly addNameRange     '0.2.3',
190 silly addNameRange     '0.2.4',
190 silly addNameRange     '0.3.0',
190 silly addNameRange     '0.4.0',
190 silly addNameRange     '0.4.1',
190 silly addNameRange     '0.5.0',
190 silly addNameRange     '0.5.1',
190 silly addNameRange     '0.5.2',
190 silly addNameRange     '0.5.3',
190 silly addNameRange     '0.5.4',
190 silly addNameRange     '0.5.5',
190 silly addNameRange     '0.5.6',
190 silly addNameRange     '0.5.7',
190 silly addNameRange     '0.6.0',
190 silly addNameRange     '0.6.1',
190 silly addNameRange     '0.6.3',
190 silly addNameRange     '0.7.0',
190 silly addNameRange     '0.7.1',
190 silly addNameRange     '0.8.0',
190 silly addNameRange     '0.8.1',
190 silly addNameRange     '0.8.2',
190 silly addNameRange     '0.8.3',
190 silly addNameRange     '0.8.4',
190 silly addNameRange     '0.8.5',
190 silly addNameRange     '0.8.6',
190 silly addNameRange     '0.8.7',
190 silly addNameRange     '0.8.8',
190 silly addNameRange     '0.8.9',
190 silly addNameRange     '0.9.0',
190 silly addNameRange     '0.9.1',
190 silly addNameRange     '0.9.2',
190 silly addNameRange     '0.9.3',
190 silly addNameRange     '0.10.0',
190 silly addNameRange     '0.10.1',
190 silly addNameRange     '0.10.2',
190 silly addNameRange     '0.10.3',
190 silly addNameRange     '0.10.4',
190 silly addNameRange     '0.10.5',
190 silly addNameRange     '0.10.6',
190 silly addNameRange     '0.10.7',
190 silly addNameRange     '0.11.0',
190 silly addNameRange     '0.11.1',
190 silly addNameRange     '0.12.0',
190 silly addNameRange     '0.12.1',
190 silly addNameRange     '0.12.2',
190 silly addNameRange     '0.12.3',
190 silly addNameRange     '0.12.4',
190 silly addNameRange     '0.13.0',
190 silly addNameRange     '0.14.0',
190 silly addNameRange     '0.14.1',
190 silly addNameRange     '0.14.2',
190 silly addNameRange     '0.15.0',
190 silly addNameRange     '0.15.1',
190 silly addNameRange     '0.15.2',
190 silly addNameRange     '0.15.3',
190 silly addNameRange     '0.15.4',
190 silly addNameRange     '0.16.0',
190 silly addNameRange     '0.16.1',
190 silly addNameRange     '0.16.2',
190 silly addNameRange     '0.16.3',
190 silly addNameRange     '0.16.4',
190 silly addNameRange     '0.17.0',
190 silly addNameRange     '0.18.0',
190 silly addNameRange     '0.19.0',
190 silly addNameRange     '0.20.0',
190 silly addNameRange     '0.20.1',
190 silly addNameRange     '0.20.2',
190 silly addNameRange     '0.20.3',
190 silly addNameRange     '0.21.0',
190 silly addNameRange     '0.22.0',
190 silly addNameRange     '0.22.1',
190 silly addNameRange     '0.23.0',
190 silly addNameRange     '0.24.0',
190 silly addNameRange     '0.25.0',
190 silly addNameRange     '0.26.0',
190 silly addNameRange     '0.26.1',
190 silly addNameRange     '0.26.2',
190 silly addNameRange     '0.26.3',
190 silly addNameRange     '0.27.0',
190 silly addNameRange     '0.27.1',
190 silly addNameRange     '0.27.2',
190 silly addNameRange     '0.27.3',
190 silly addNameRange     '0.27.4',
190 silly addNameRange     '0.27.5',
190 silly addNameRange     '0.27.6',
190 silly addNameRange     '0.27.7',
190 silly addNameRange     '0.28.0',
190 silly addNameRange     '0.28.1',
190 silly addNameRange     '0.28.2',
190 silly addNameRange     '0.29.0',
190 silly addNameRange     '0.30.0',
190 silly addNameRange     '0.31.0',
190 silly addNameRange     '0.31.1',
190 silly addNameRange     '0.31.2',
190 silly addNameRange     '0.32.0',
190 silly addNameRange     '0.33.0',
190 silly addNameRange     '0.34.0',
190 silly addNameRange     '0.34.1',
190 silly addNameRange     '0.35.0',
190 silly addNameRange     '1.0.0',
190 silly addNameRange     '1.0.1',
190 silly addNameRange     '1.0.2',
190 silly addNameRange     '1.1.0',
190 silly addNameRange     '1.1.1',
190 silly addNameRange     '1.1.2',
190 silly addNameRange     '1.1.3',
190 silly addNameRange     '1.1.4',
190 silly addNameRange     '1.1.5',
190 silly addNameRange     '1.2.0',
190 silly addNameRange     '1.3.0',
190 silly addNameRange     '1.3.1',
190 silly addNameRange     '1.4.0',
190 silly addNameRange     '1.4.1',
190 silly addNameRange     '1.4.2',
190 silly addNameRange     '1.5.0',
190 silly addNameRange     '1.6.0',
190 silly addNameRange     '1.7.0',
190 silly addNameRange     '1.8.0',
190 silly addNameRange     '1.8.1',
190 silly addNameRange     '1.8.2' ] ]
191 verbose addNamed [ 'jade', '1.6.0' ]
192 verbose addNamed [ '1.6.0', '1.6.0' ]
193 silly lockFile c06071bd-jade-1-6-0 jade@1.6.0
194 verbose lock jade@1.6.0 /Users/peiyang/.npm/c06071bd-jade-1-6-0.lock
195 silly lockFile 7bdc82f5-ry-npmjs-org-jade-jade-1-6-0-tgz https://registry.npmjs.org/jade/-/jade-1.6.0.tgz
196 verbose lock https://registry.npmjs.org/jade/-/jade-1.6.0.tgz /Users/peiyang/.npm/7bdc82f5-ry-npmjs-org-jade-jade-1-6-0-tgz.lock
197 verbose addRemoteTarball [ 'https://registry.npmjs.org/jade/-/jade-1.6.0.tgz',
197 verbose addRemoteTarball   'c02540cd97b1014db3c15743746bc3dcd54170f9' ]
198 info retry fetch attempt 1 at 13:25:43
199 verbose fetch to= /var/folders/ln/vp5rgr314xn7zj3xb18lbp2h0000gn/T/npm-32391-uSwylsEH/registry.npmjs.org/jade/-/jade-1.6.0.tgz
200 http GET https://registry.npmjs.org/jade/-/jade-1.6.0.tgz
201 http 200 https://registry.npmjs.org/morgan/-/morgan-1.3.2.tgz
202 silly lockFile cac8e271-pmjs-org-morgan-morgan-1-3-2-tgz https://registry.npmjs.org/morgan/-/morgan-1.3.2.tgz
203 silly lockFile cac8e271-pmjs-org-morgan-morgan-1-3-2-tgz https://registry.npmjs.org/morgan/-/morgan-1.3.2.tgz
204 silly lockFile 7e2b41c6-morgan-1-3-2 morgan@1.3.2
205 silly lockFile 7e2b41c6-morgan-1-3-2 morgan@1.3.2
206 silly lockFile a4a9bdf4-morgan-1-3-0 morgan@~1.3.0
207 silly lockFile a4a9bdf4-morgan-1-3-0 morgan@~1.3.0
208 http 200 https://registry.npmjs.org/cookie-parser
209 silly registry.get cb [ 200,
209 silly registry.get   { date: 'Sun, 04 Jan 2015 21:25:43 GMT',
209 silly registry.get     server: 'CouchDB/1.5.0 (Erlang OTP/R16B03)',
209 silly registry.get     etag: '"DDKJHDWHHJC6DWGLE2O7KQ8MK"',
209 silly registry.get     'content-type': 'application/json',
209 silly registry.get     'cache-control': 'max-age=60',
209 silly registry.get     'content-length': '14236',
209 silly registry.get     'accept-ranges': 'bytes',
209 silly registry.get     via: '1.1 varnish',
209 silly registry.get     age: '0',
209 silly registry.get     'x-served-by': 'cache-sjc3130-SJC',
209 silly registry.get     'x-cache': 'HIT',
209 silly registry.get     'x-cache-hits': '1',
209 silly registry.get     'x-timer': 'S1420406742.995818,VS0,VE151',
209 silly registry.get     vary: 'Accept',
209 silly registry.get     'keep-alive': 'timeout=10, max=50',
209 silly registry.get     connection: 'Keep-Alive' } ]
210 silly addNameRange number 2 { name: 'cookie-parser',
210 silly addNameRange   range: '>=1.3.3-0 <1.4.0-0',
210 silly addNameRange   hasData: true }
211 silly addNameRange versions [ 'cookie-parser',
211 silly addNameRange   [ '1.0.0',
211 silly addNameRange     '1.0.1',
211 silly addNameRange     '1.1.0',
211 silly addNameRange     '1.2.0',
211 silly addNameRange     '1.3.0',
211 silly addNameRange     '1.3.1',
211 silly addNameRange     '1.3.2',
211 silly addNameRange     '1.3.3' ] ]
212 verbose addNamed [ 'cookie-parser', '1.3.3' ]
213 verbose addNamed [ '1.3.3', '1.3.3' ]
214 silly lockFile 68450bd4-cookie-parser-1-3-3 cookie-parser@1.3.3
215 verbose lock cookie-parser@1.3.3 /Users/peiyang/.npm/68450bd4-cookie-parser-1-3-3.lock
216 silly lockFile 864e7377-e-parser-cookie-parser-1-3-3-tgz https://registry.npmjs.org/cookie-parser/-/cookie-parser-1.3.3.tgz
217 verbose lock https://registry.npmjs.org/cookie-parser/-/cookie-parser-1.3.3.tgz /Users/peiyang/.npm/864e7377-e-parser-cookie-parser-1-3-3-tgz.lock
218 verbose addRemoteTarball [ 'https://registry.npmjs.org/cookie-parser/-/cookie-parser-1.3.3.tgz',
218 verbose addRemoteTarball   '7e3a2c745f4b460d5a340e578a0baa5d7725fe37' ]
219 info retry fetch attempt 1 at 13:25:43
220 verbose fetch to= /var/folders/ln/vp5rgr314xn7zj3xb18lbp2h0000gn/T/npm-32391-uSwylsEH/registry.npmjs.org/cookie-parser/-/cookie-parser-1.3.3.tgz
221 http GET https://registry.npmjs.org/cookie-parser/-/cookie-parser-1.3.3.tgz
222 http 200 https://registry.npmjs.org/serve-favicon
223 silly registry.get cb [ 200,
223 silly registry.get   { date: 'Sun, 04 Jan 2015 21:25:43 GMT',
223 silly registry.get     server: 'CouchDB/1.5.0 (Erlang OTP/R16B03)',
223 silly registry.get     etag: '"YDYZWHTSMHUH8DM7NIC4WKPK"',
223 silly registry.get     'content-type': 'application/json',
223 silly registry.get     'cache-control': 'max-age=60',
223 silly registry.get     'content-length': '20401',
223 silly registry.get     'accept-ranges': 'bytes',
223 silly registry.get     via: '1.1 varnish',
223 silly registry.get     age: '0',
223 silly registry.get     'x-served-by': 'cache-sjc3121-SJC',
223 silly registry.get     'x-cache': 'HIT',
223 silly registry.get     'x-cache-hits': '1',
223 silly registry.get     'x-timer': 'S1420406742.999738,VS0,VE153',
223 silly registry.get     vary: 'Accept',
223 silly registry.get     'keep-alive': 'timeout=10, max=50',
223 silly registry.get     connection: 'Keep-Alive' } ]
224 silly addNameRange number 2 { name: 'serve-favicon',
224 silly addNameRange   range: '>=2.1.3-0 <2.2.0-0',
224 silly addNameRange   hasData: true }
225 silly addNameRange versions [ 'serve-favicon',
225 silly addNameRange   [ '2.0.0',
225 silly addNameRange     '2.0.1',
225 silly addNameRange     '2.1.0',
225 silly addNameRange     '2.1.1',
225 silly addNameRange     '2.1.2',
225 silly addNameRange     '2.1.3',
225 silly addNameRange     '2.1.4',
225 silly addNameRange     '2.1.5',
225 silly addNameRange     '2.1.6',
225 silly addNameRange     '2.1.7',
225 silly addNameRange     '2.2.0' ] ]
226 verbose addNamed [ 'serve-favicon', '2.1.7' ]
227 verbose addNamed [ '2.1.7', '2.1.7' ]
228 silly lockFile 041e16ae-serve-favicon-2-1-7 serve-favicon@2.1.7
229 verbose lock serve-favicon@2.1.7 /Users/peiyang/.npm/041e16ae-serve-favicon-2-1-7.lock
230 silly lockFile 901719e4--favicon-serve-favicon-2-1-7-tgz https://registry.npmjs.org/serve-favicon/-/serve-favicon-2.1.7.tgz
231 verbose lock https://registry.npmjs.org/serve-favicon/-/serve-favicon-2.1.7.tgz /Users/peiyang/.npm/901719e4--favicon-serve-favicon-2-1-7-tgz.lock
232 verbose addRemoteTarball [ 'https://registry.npmjs.org/serve-favicon/-/serve-favicon-2.1.7.tgz',
232 verbose addRemoteTarball   '7b911c0ea4c0f9a2ad686daa5222766f7bc7db79' ]
233 info retry fetch attempt 1 at 13:25:43
234 verbose fetch to= /var/folders/ln/vp5rgr314xn7zj3xb18lbp2h0000gn/T/npm-32391-uSwylsEH/registry.npmjs.org/serve-favicon/-/serve-favicon-2.1.7.tgz
235 http GET https://registry.npmjs.org/serve-favicon/-/serve-favicon-2.1.7.tgz
236 http 200 https://registry.npmjs.org/jade/-/jade-1.6.0.tgz
237 http 304 https://registry.npmjs.org/express
238 silly registry.get cb [ 304,
238 silly registry.get   { date: 'Sun, 04 Jan 2015 21:25:43 GMT',
238 silly registry.get     server: 'Apache',
238 silly registry.get     via: '1.1 varnish',
238 silly registry.get     'last-modified': 'Sun, 04 Jan 2015 21:25:43 GMT',
238 silly registry.get     'cache-control': 'max-age=60',
238 silly registry.get     etag: '"B73A3MTAH50MN0RPQJN2GQJXH"',
238 silly registry.get     age: '38',
238 silly registry.get     'x-served-by': 'cache-sjc3130-SJC',
238 silly registry.get     'x-cache': 'HIT',
238 silly registry.get     'x-cache-hits': '1',
238 silly registry.get     'x-timer': 'S1420406743.195086,VS0,VE3',
238 silly registry.get     vary: 'Accept',
238 silly registry.get     'content-length': '0',
238 silly registry.get     'keep-alive': 'timeout=10, max=49',
238 silly registry.get     connection: 'Keep-Alive' } ]
239 verbose etag https://registry.npmjs.org/express from cache
240 http 304 https://registry.npmjs.org/debug
241 silly registry.get cb [ 304,
241 silly registry.get   { date: 'Sun, 04 Jan 2015 21:25:43 GMT',
241 silly registry.get     server: 'Apache',
241 silly registry.get     via: '1.1 varnish',
241 silly registry.get     'last-modified': 'Sun, 04 Jan 2015 21:25:43 GMT',
241 silly registry.get     'cache-control': 'max-age=60',
241 silly registry.get     etag: '"CM1LNN7D47C5G10YNE04A7O8S"',
241 silly registry.get     age: '44',
241 silly registry.get     'x-served-by': 'cache-sjc3121-SJC',
241 silly registry.get     'x-cache': 'HIT',
241 silly registry.get     'x-cache-hits': '1',
241 silly registry.get     'x-timer': 'S1420406743.209762,VS0,VE0',
241 silly registry.get     vary: 'Accept',
241 silly registry.get     'content-length': '0',
241 silly registry.get     'keep-alive': 'timeout=10, max=49',
241 silly registry.get     connection: 'Keep-Alive' } ]
242 verbose etag https://registry.npmjs.org/debug from cache
243 silly addNameRange number 2 { name: 'express', range: '>=4.9.0-0 <4.10.0-0', hasData: true }
244 silly addNameRange versions [ 'express',
244 silly addNameRange   [ '0.14.0',
244 silly addNameRange     '0.14.1',
244 silly addNameRange     '1.0.0',
244 silly addNameRange     '1.0.1',
244 silly addNameRange     '1.0.2',
244 silly addNameRange     '1.0.3',
244 silly addNameRange     '1.0.4',
244 silly addNameRange     '1.0.5',
244 silly addNameRange     '1.0.6',
244 silly addNameRange     '1.0.7',
244 silly addNameRange     '1.0.8',
244 silly addNameRange     '2.0.0',
244 silly addNameRange     '2.1.0',
244 silly addNameRange     '2.1.1',
244 silly addNameRange     '2.2.0',
244 silly addNameRange     '2.2.1',
244 silly addNameRange     '2.2.2',
244 silly addNameRange     '2.3.0',
244 silly addNameRange     '2.3.1',
244 silly addNameRange     '2.3.2',
244 silly addNameRange     '2.3.3',
244 silly addNameRange     '2.3.4',
244 silly addNameRange     '2.3.5',
244 silly addNameRange     '2.3.6',
244 silly addNameRange     '2.3.7',
244 silly addNameRange     '2.3.8',
244 silly addNameRange     '2.3.9',
244 silly addNameRange     '2.3.10',
244 silly addNameRange     '2.3.11',
244 silly addNameRange     '2.3.12',
244 silly addNameRange     '2.4.0',
244 silly addNameRange     '2.4.1',
244 silly addNameRange     '2.4.2',
244 silly addNameRange     '2.4.3',
244 silly addNameRange     '2.4.4',
244 silly addNameRange     '2.4.5',
244 silly addNameRange     '2.4.6',
244 silly addNameRange     '2.4.7',
244 silly addNameRange     '2.5.0',
244 silly addNameRange     '2.5.1',
244 silly addNameRange     '2.5.2',
244 silly addNameRange     '2.5.3',
244 silly addNameRange     '2.5.4',
244 silly addNameRange     '2.5.5',
244 silly addNameRange     '2.5.6',
244 silly addNameRange     '2.5.7',
244 silly addNameRange     '2.5.8',
244 silly addNameRange     '2.5.9',
244 silly addNameRange     '2.5.10',
244 silly addNameRange     '2.5.11',
244 silly addNameRange     '3.0.0',
244 silly addNameRange     '3.0.1',
244 silly addNameRange     '3.0.2',
244 silly addNameRange     '3.0.3',
244 silly addNameRange     '3.0.4',
244 silly addNameRange     '3.0.5',
244 silly addNameRange     '3.0.6',
244 silly addNameRange     '3.1.0',
244 silly addNameRange     '3.1.1',
244 silly addNameRange     '3.1.2',
244 silly addNameRange     '3.2.0',
244 silly addNameRange     '3.2.1',
244 silly addNameRange     '3.2.2',
244 silly addNameRange     '3.2.3',
244 silly addNameRange     '3.2.4',
244 silly addNameRange     '3.2.5',
244 silly addNameRange     '3.2.6',
244 silly addNameRange     '3.3.0',
244 silly addNameRange     '3.3.1',
244 silly addNameRange     '3.3.2',
244 silly addNameRange     '3.3.3',
244 silly addNameRange     '3.3.4',
244 silly addNameRange     '3.3.5',
244 silly addNameRange     '3.3.6',
244 silly addNameRange     '1.0.0-beta',
244 silly addNameRange     '1.0.0-beta2',
244 silly addNameRange     '1.0.0-rc',
244 silly addNameRange     '1.0.0-rc2',
244 silly addNameRange     '1.0.0-rc3',
244 silly addNameRange     '1.0.0-rc4',
244 silly addNameRange     '2.0.0-beta',
244 silly addNameRange     '2.0.0-beta2',
244 silly addNameRange     '2.0.0-beta3',
244 silly addNameRange     '2.0.0-rc',
244 silly addNameRange     '2.0.0-rc2',
244 silly addNameRange     '2.0.0-rc3',
244 silly addNameRange     '3.0.0-alpha1',
244 silly addNameRange     '3.0.0-alpha2',
244 silly addNameRange     '3.0.0-alpha3',
244 silly addNameRange     '3.0.0-alpha4',
244 silly addNameRange     '3.0.0-alpha5',
244 silly addNameRange     '3.0.0-beta1',
244 silly addNameRange     '3.0.0-beta2',
244 silly addNameRange     '3.0.0-beta3',
244 silly addNameRange     '3.0.0-beta4',
244 silly addNameRange     '3.0.0-beta6',
244 silly addNameRange     '3.0.0-beta7',
244 silly addNameRange     '3.0.0-rc1',
244 silly addNameRange     '3.0.0-rc2',
244 silly addNameRange     '3.0.0-rc3',
244 silly addNameRange     '3.0.0-rc4',
244 silly addNameRange     '3.0.0-rc5',
244 silly addNameRange     '3.3.7',
244 silly addNameRange     '3.3.8',
244 silly addNameRange     '3.4.0',
244 silly addNameRange     '3.4.1',
244 silly addNameRange     '3.4.2',
244 silly addNameRange     '3.4.3',
244 silly addNameRange     '3.4.4',
244 silly addNameRange     '3.4.5',
244 silly addNameRange     '3.4.6',
244 silly addNameRange     '3.4.7',
244 silly addNameRange     '3.4.8',
244 silly addNameRange     '4.0.0-rc1',
244 silly addNameRange     '4.0.0-rc2',
244 silly addNameRange     '3.5.0',
244 silly addNameRange     '4.0.0-rc3',
244 silly addNameRange     '4.0.0-rc4',
244 silly addNameRange     '3.5.1',
244 silly addNameRange     '4.0.0',
244 silly addNameRange     '3.5.2',
244 silly addNameRange     '4.1.0',
244 silly addNameRange     '4.1.1',
244 silly addNameRange     '3.5.3',
244 silly addNameRange     '4.1.2',
244 silly addNameRange     '3.6.0',
244 silly addNameRange     '4.2.0',
244 silly addNameRange     '3.7.0',
244 silly addNameRange     '3.8.0',
244 silly addNameRange     '4.3.0',
244 silly addNameRange     '4.3.1',
244 silly addNameRange     '3.8.1',
244 silly addNameRange     '4.3.2',
244 silly addNameRange     '3.9.0',
244 silly addNameRange     '4.4.0',
244 silly addNameRange     '4.4.1',
244 silly addNameRange     '3.10.0',
244 silly addNameRange     '3.10.1',
244 silly addNameRange     '3.10.2',
244 silly addNameRange     '3.10.3',
244 silly addNameRange     '3.10.4',
244 silly addNameRange     '4.4.2',
244 silly addNameRange     '3.10.5',
244 silly addNameRange     '4.4.3',
244 silly addNameRange     '3.11.0',
244 silly addNameRange     '4.4.4',
244 silly addNameRange     '3.12.0',
244 silly addNameRange     '3.12.1',
244 silly addNameRange     '4.4.5',
244 silly addNameRange     '3.13.0',
244 silly addNameRange     '4.5.0',
244 silly addNameRange     '4.5.1',
244 silly addNameRange     '3.14.0',
244 silly addNameRange     '4.6.0',
244 silly addNameRange     '4.6.1',
244 silly addNameRange     '3.15.0',
244 silly addNameRange     '4.7.0',
244 silly addNameRange     '3.15.1',
244 silly addNameRange     '4.7.1',
244 silly addNameRange     '3.15.2',
244 silly addNameRange     '4.7.2',
244 silly addNameRange     '4.7.3',
244 silly addNameRange     '3.15.3',
244 silly addNameRange     '4.7.4',
244 silly addNameRange     '3.16.0',
244 silly addNameRange     '4.8.0',
244 silly addNameRange     '3.16.1',
244 silly addNameRange     '4.8.1',
244 silly addNameRange     '3.16.2',
244 silly addNameRange     '4.8.2',
244 silly addNameRange     '3.16.3',
244 silly addNameRange     '3.16.4',
244 silly addNameRange     '4.8.3',
244 silly addNameRange     '3.16.5',
244 silly addNameRange     '3.16.6',
244 silly addNameRange     '4.8.4',
244 silly addNameRange     '3.16.7',
244 silly addNameRange     '4.8.5',
244 silly addNameRange     '3.16.8',
244 silly addNameRange     '4.8.6',
244 silly addNameRange     '3.16.9',
244 silly addNameRange     '4.8.7',
244 silly addNameRange     '3.16.10',
244 silly addNameRange     '4.8.8',
244 silly addNameRange     '3.17.0',
244 silly addNameRange     '3.17.1',
244 silly addNameRange     '4.9.0',
244 silly addNameRange     '3.17.2',
244 silly addNameRange     '4.9.1',
244 silly addNameRange     '4.9.2',
244 silly addNameRange     '3.17.3',
244 silly addNameRange     '4.9.3',
244 silly addNameRange     '3.17.4',
244 silly addNameRange     '4.9.4',
244 silly addNameRange     '3.17.5',
244 silly addNameRange     '4.9.5',
244 silly addNameRange     '3.17.6',
244 silly addNameRange     '3.17.7',
244 silly addNameRange     '4.9.6',
244 silly addNameRange     '4.9.7',
244 silly addNameRange     '3.17.8',
244 silly addNameRange     '4.9.8',
244 silly addNameRange     '3.18.0',
244 silly addNameRange     '3.18.1',
244 silly addNameRange     '4.10.0',
244 silly addNameRange     '3.18.2',
244 silly addNameRange     '4.10.1',
244 silly addNameRange     '5.0.0-alpha.1',
244 silly addNameRange     '3.18.3',
244 silly addNameRange     '4.10.2',
244 silly addNameRange     '3.18.4',
244 silly addNameRange     '4.10.3',
244 silly addNameRange     '4.10.4',
244 silly addNameRange     '4.10.5',
244 silly addNameRange     '3.18.5',
244 silly addNameRange     '3.18.6',
244 silly addNameRange     '4.10.6' ] ]
245 verbose addNamed [ 'express', '4.9.8' ]
246 verbose addNamed [ '4.9.8', '4.9.8' ]
247 silly lockFile 3e3a25f6-express-4-9-8 express@4.9.8
248 verbose lock express@4.9.8 /Users/peiyang/.npm/3e3a25f6-express-4-9-8.lock
249 silly addNameRange number 2 { name: 'debug', range: '>=2.0.0-0 <2.1.0-0', hasData: true }
250 silly addNameRange versions [ 'debug',
250 silly addNameRange   [ '0.0.1',
250 silly addNameRange     '0.1.0',
250 silly addNameRange     '0.2.0',
250 silly addNameRange     '0.3.0',
250 silly addNameRange     '0.4.0',
250 silly addNameRange     '0.4.1',
250 silly addNameRange     '0.5.0',
250 silly addNameRange     '0.6.0',
250 silly addNameRange     '0.7.0',
250 silly addNameRange     '0.7.1',
250 silly addNameRange     '0.7.2',
250 silly addNameRange     '0.7.3',
250 silly addNameRange     '0.7.4',
250 silly addNameRange     '0.8.0',
250 silly addNameRange     '0.8.1',
250 silly addNameRange     '1.0.0',
250 silly addNameRange     '1.0.1',
250 silly addNameRange     '1.0.2',
250 silly addNameRange     '1.0.3',
250 silly addNameRange     '1.0.4',
250 silly addNameRange     '2.0.0',
250 silly addNameRange     '2.1.0',
250 silly addNameRange     '2.1.1' ] ]
251 verbose addNamed [ 'debug', '2.0.0' ]
252 verbose addNamed [ '2.0.0', '2.0.0' ]
253 silly lockFile 095bd820-debug-2-0-0 debug@2.0.0
254 verbose lock debug@2.0.0 /Users/peiyang/.npm/095bd820-debug-2-0-0.lock
255 silly lockFile 2d7fb097-js-org-express-express-4-9-8-tgz https://registry.npmjs.org/express/-/express-4.9.8.tgz
256 verbose lock https://registry.npmjs.org/express/-/express-4.9.8.tgz /Users/peiyang/.npm/2d7fb097-js-org-express-express-4-9-8-tgz.lock
257 verbose addRemoteTarball [ 'https://registry.npmjs.org/express/-/express-4.9.8.tgz',
257 verbose addRemoteTarball   'f360f596baeabbd0e5223b603d6eb578d9d2d10d' ]
258 silly lockFile e2182b07--npmjs-org-debug-debug-2-0-0-tgz https://registry.npmjs.org/debug/-/debug-2.0.0.tgz
259 verbose lock https://registry.npmjs.org/debug/-/debug-2.0.0.tgz /Users/peiyang/.npm/e2182b07--npmjs-org-debug-debug-2-0-0-tgz.lock
260 verbose addRemoteTarball [ 'https://registry.npmjs.org/debug/-/debug-2.0.0.tgz',
260 verbose addRemoteTarball   '89bd9df6732b51256bc6705342bba02ed12131ef' ]
261 info retry fetch attempt 1 at 13:25:43
262 verbose fetch to= /var/folders/ln/vp5rgr314xn7zj3xb18lbp2h0000gn/T/npm-32391-uSwylsEH/registry.npmjs.org/express/-/express-4.9.8.tgz
263 info retry fetch attempt 1 at 13:25:43
264 verbose fetch to= /var/folders/ln/vp5rgr314xn7zj3xb18lbp2h0000gn/T/npm-32391-uSwylsEH/registry.npmjs.org/debug/-/debug-2.0.0.tgz
265 http GET https://registry.npmjs.org/express/-/express-4.9.8.tgz
266 http GET https://registry.npmjs.org/debug/-/debug-2.0.0.tgz
267 http 200 https://registry.npmjs.org/cookie-parser/-/cookie-parser-1.3.3.tgz
268 silly lockFile 864e7377-e-parser-cookie-parser-1-3-3-tgz https://registry.npmjs.org/cookie-parser/-/cookie-parser-1.3.3.tgz
269 silly lockFile 864e7377-e-parser-cookie-parser-1-3-3-tgz https://registry.npmjs.org/cookie-parser/-/cookie-parser-1.3.3.tgz
270 silly lockFile 68450bd4-cookie-parser-1-3-3 cookie-parser@1.3.3
271 silly lockFile 68450bd4-cookie-parser-1-3-3 cookie-parser@1.3.3
272 silly lockFile bf5babd8-cookie-parser-1-3-3 cookie-parser@~1.3.3
273 silly lockFile bf5babd8-cookie-parser-1-3-3 cookie-parser@~1.3.3
274 http 200 https://registry.npmjs.org/serve-favicon/-/serve-favicon-2.1.7.tgz
275 silly lockFile 901719e4--favicon-serve-favicon-2-1-7-tgz https://registry.npmjs.org/serve-favicon/-/serve-favicon-2.1.7.tgz
276 silly lockFile 901719e4--favicon-serve-favicon-2-1-7-tgz https://registry.npmjs.org/serve-favicon/-/serve-favicon-2.1.7.tgz
277 silly lockFile 041e16ae-serve-favicon-2-1-7 serve-favicon@2.1.7
278 silly lockFile 041e16ae-serve-favicon-2-1-7 serve-favicon@2.1.7
279 silly lockFile 38295489-serve-favicon-2-1-3 serve-favicon@~2.1.3
280 silly lockFile 38295489-serve-favicon-2-1-3 serve-favicon@~2.1.3
281 silly lockFile 7bdc82f5-ry-npmjs-org-jade-jade-1-6-0-tgz https://registry.npmjs.org/jade/-/jade-1.6.0.tgz
282 silly lockFile 7bdc82f5-ry-npmjs-org-jade-jade-1-6-0-tgz https://registry.npmjs.org/jade/-/jade-1.6.0.tgz
283 silly lockFile c06071bd-jade-1-6-0 jade@1.6.0
284 silly lockFile c06071bd-jade-1-6-0 jade@1.6.0
285 silly lockFile ad8c17a8-jade-1-6-0 jade@~1.6.0
286 silly lockFile ad8c17a8-jade-1-6-0 jade@~1.6.0
287 http 200 https://registry.npmjs.org/express/-/express-4.9.8.tgz
288 http 200 https://registry.npmjs.org/debug/-/debug-2.0.0.tgz
289 silly lockFile e2182b07--npmjs-org-debug-debug-2-0-0-tgz https://registry.npmjs.org/debug/-/debug-2.0.0.tgz
290 silly lockFile e2182b07--npmjs-org-debug-debug-2-0-0-tgz https://registry.npmjs.org/debug/-/debug-2.0.0.tgz
291 silly lockFile 095bd820-debug-2-0-0 debug@2.0.0
292 silly lockFile 095bd820-debug-2-0-0 debug@2.0.0
293 silly lockFile 12b6356d-debug-2-0-0 debug@~2.0.0
294 silly lockFile 12b6356d-debug-2-0-0 debug@~2.0.0
295 http 200 https://registry.npmjs.org/mongodb
296 silly registry.get cb [ 200,
296 silly registry.get   { date: 'Sun, 04 Jan 2015 21:25:43 GMT',
296 silly registry.get     server: 'CouchDB/1.5.0 (Erlang OTP/R16B03)',
296 silly registry.get     etag: '"CRH39SC1LSNZYAE3YTLYYP1NI"',
296 silly registry.get     'content-type': 'application/json',
296 silly registry.get     'cache-control': 'max-age=60',
296 silly registry.get     'content-length': '404672',
296 silly registry.get     'accept-ranges': 'bytes',
296 silly registry.get     via: '1.1 varnish',
296 silly registry.get     age: '0',
296 silly registry.get     'x-served-by': 'cache-sjc3125-SJC',
296 silly registry.get     'x-cache': 'HIT',
296 silly registry.get     'x-cache-hits': '1',
296 silly registry.get     'x-timer': 'S1420406743.048378,VS0,VE85',
296 silly registry.get     vary: 'Accept',
296 silly registry.get     'keep-alive': 'timeout=10, max=49',
296 silly registry.get     connection: 'Keep-Alive' } ]
297 http 200 https://registry.npmjs.org/monk
298 silly registry.get cb [ 200,
298 silly registry.get   { date: 'Sun, 04 Jan 2015 21:25:43 GMT',
298 silly registry.get     server: 'CouchDB/1.5.0 (Erlang OTP/R16B03)',
298 silly registry.get     etag: '"234ZZ4ZSQM1AZVHUI6PIAJW5K"',
298 silly registry.get     'content-type': 'application/json',
298 silly registry.get     'cache-control': 'max-age=60',
298 silly registry.get     'content-length': '26780',
298 silly registry.get     'accept-ranges': 'bytes',
298 silly registry.get     via: '1.1 varnish',
298 silly registry.get     age: '0',
298 silly registry.get     'x-served-by': 'cache-sjc3133-SJC',
298 silly registry.get     'x-cache': 'MISS',
298 silly registry.get     'x-cache-hits': '0',
298 silly registry.get     'x-timer': 'S1420406743.106391,VS0,VE349',
298 silly registry.get     vary: 'Accept',
298 silly registry.get     'keep-alive': 'timeout=10, max=49',
298 silly registry.get     connection: 'Keep-Alive' } ]
299 silly addNameRange number 2 { name: 'mongodb', range: '*', hasData: true }
300 silly addNameRange versions [ 'mongodb',
300 silly addNameRange   [ '0.9.4',
300 silly addNameRange     '0.9.4-4',
300 silly addNameRange     '0.9.3',
300 silly addNameRange     '0.9.1',
300 silly addNameRange     '0.9.2',
300 silly addNameRange     '0.9.6-7',
300 silly addNameRange     '0.9.6-8',
300 silly addNameRange     '0.9.6-9',
300 silly addNameRange     '0.9.6-10',
300 silly addNameRange     '0.9.6-11',
300 silly addNameRange     '0.9.6-12',
300 silly addNameRange     '0.9.6-13',
300 silly addNameRange     '0.9.6-14',
300 silly addNameRange     '0.9.6-15',
300 silly addNameRange     '0.9.6-16',
300 silly addNameRange     '0.9.6-17',
300 silly addNameRange     '0.9.6-18',
300 silly addNameRange     '0.9.6-19',
300 silly addNameRange     '0.9.6-20',
300 silly addNameRange     '0.9.6-21',
300 silly addNameRange     '0.9.6-22',
300 silly addNameRange     '0.9.6-23',
300 silly addNameRange     '0.9.7',
300 silly addNameRange     '0.9.7-0',
300 silly addNameRange     '0.9.7-1',
300 silly addNameRange     '0.9.7-1.1',
300 silly addNameRange     '0.9.7-1.2',
300 silly addNameRange     '0.9.7-1.3',
300 silly addNameRange     '0.9.7-1.4',
300 silly addNameRange     '0.9.7-2',
300 silly addNameRange     '0.9.7-2-1',
300 silly addNameRange     '0.9.7-2-2',
300 silly addNameRange     '0.9.7-2-3',
300 silly addNameRange     '0.9.7-2-4',
300 silly addNameRange     '0.9.7-2-5',
300 silly addNameRange     '0.9.7-3',
300 silly addNameRange     '0.9.7-3-1',
300 silly addNameRange     '0.9.7-3-2',
300 silly addNameRange     '0.9.7-3-3',
300 silly addNameRange     '0.9.7-3-4',
300 silly addNameRange     '0.9.7-3-5',
300 silly addNameRange     '0.9.8',
300 silly addNameRange     '0.9.8-1',
300 silly addNameRange     '0.9.8-2',
300 silly addNameRange     '0.9.8-3',
300 silly addNameRange     '0.9.8-4',
300 silly addNameRange     '0.9.8-5',
300 silly addNameRange     '0.9.8-6',
300 silly addNameRange     '0.9.8-7',
300 silly addNameRange     '0.9.9',
300 silly addNameRange     '0.9.9-1',
300 silly addNameRange     '0.9.9-2',
300 silly addNameRange     '0.9.9-3',
300 silly addNameRange     '0.9.9-4',
300 silly addNameRange     '0.9.9-5',
300 silly addNameRange     '0.9.9-6',
300 silly addNameRange     '0.9.9-7',
300 silly addNameRange     '0.9.9-8',
300 silly addNameRange     '1.0.0',
300 silly addNameRange     '1.0.1',
300 silly addNameRange     '1.0.2',
300 silly addNameRange     '1.1.0-beta',
300 silly addNameRange     '1.1.0',
300 silly addNameRange     '1.1.1',
300 silly addNameRange     '1.1.2',
300 silly addNameRange     '1.1.3',
300 silly addNameRange     '1.1.4',
300 silly addNameRange     '1.1.5',
300 silly addNameRange     '1.1.6',
300 silly addNameRange     '1.1.7',
300 silly addNameRange     '1.1.8',
300 silly addNameRange     '1.1.9',
300 silly addNameRange     '1.1.10',
300 silly addNameRange     '1.1.11',
300 silly addNameRange     '1.2.0',
300 silly addNameRange     '1.2.1',
300 silly addNameRange     '1.2.2',
300 silly addNameRange     '1.2.3',
300 silly addNameRange     '1.2.4',
300 silly addNameRange     '1.2.5',
300 silly addNameRange     '1.2.6',
300 silly addNameRange     '1.2.7',
300 silly addNameRange     '1.2.8',
300 silly addNameRange     '1.2.9',
300 silly addNameRange     '1.2.10',
300 silly addNameRange     '1.2.11',
300 silly addNameRange     '1.2.12',
300 silly addNameRange     '1.2.13',
300 silly addNameRange     '1.2.14',
300 silly addNameRange     '1.3.0',
300 silly addNameRange     '1.3.1',
300 silly addNameRange     '1.3.2',
300 silly addNameRange     '1.3.3',
300 silly addNameRange     '1.3.4',
300 silly addNameRange     '1.3.5',
300 silly addNameRange     '1.3.6',
300 silly addNameRange     '1.3.7',
300 silly addNameRange     '1.3.8',
300 silly addNameRange     '1.3.9',
300 silly addNameRange     '1.3.10',
300 silly addNameRange     '1.3.11',
300 silly addNameRange     '1.3.12',
300 silly addNameRange     '1.3.14',
300 silly addNameRange     '1.3.15',
300 silly addNameRange     '1.3.17',
300 silly addNameRange     '1.3.18',
300 silly addNameRange     '1.3.19',
300 silly addNameRange     '1.4.0-rc2',
300 silly addNameRange     '1.3.20',
300 silly addNameRange     '1.4.0-rc3',
300 silly addNameRange     '1.3.21',
300 silly addNameRange     '1.3.22',
300 silly addNameRange     '1.3.23',
300 silly addNameRange     '1.4.0-rc4',
300 silly addNameRange     '1.4.0-rc5',
300 silly addNameRange     '1.4.0-rc6',
300 silly addNameRange     '1.4.0-rc7',
300 silly addNameRange     '1.4.0-rc8',
300 silly addNameRange     '1.4.0-rc9',
300 silly addNameRange     '1.4.0-rc10',
300 silly addNameRange     '1.4.0',
300 silly addNameRange     '1.4.1',
300 silly addNameRange     '1.4.2',
300 silly addNameRange     '1.4.3',
300 silly addNameRange     '1.4.4',
300 silly addNameRange     '1.4.5',
300 silly addNameRange     '1.4.6',
300 silly addNameRange     '1.4.7',
300 silly addNameRange     '1.4.8',
300 silly addNameRange     '1.4.9',
300 silly addNameRange     '1.4.10',
300 silly addNameRange     '2.0.0-alpha1',
300 silly addNameRange     '1.4.11',
300 silly addNameRange     '1.4.12',
300 silly addNameRange     '1.4.14',
300 silly addNameRange     '1.4.15',
300 silly addNameRange     '1.4.16',
300 silly addNameRange     '1.4.17',
300 silly addNameRange     '2.0.0-alpha2',
300 silly addNameRange     '1.4.18',
300 silly addNameRange     '2.0.0',
300 silly addNameRange     '2.0.1',
300 silly addNameRange     '2.0.2',
300 silly addNameRange     '1.4.19',
300 silly addNameRange     '2.0.3',
300 silly addNameRange     '2.0.4',
300 silly addNameRange     '2.0.5',
300 silly addNameRange     '2.0.6',
300 silly addNameRange     '1.4.20',
300 silly addNameRange     '1.4.22',
300 silly addNameRange     '2.0.7',
300 silly addNameRange     '2.0.8',
300 silly addNameRange     '2.0.9',
300 silly addNameRange     '1.4.23',
300 silly addNameRange     '2.0.10',
300 silly addNameRange     '1.4.24',
300 silly addNameRange     '2.0.11',
300 silly addNameRange     '1.4.25',
300 silly addNameRange     '2.0.12',
300 silly addNameRange     '1.4.26' ] ]
301 verbose addNamed [ 'mongodb', '1.4.26' ]
302 verbose addNamed [ '1.4.26', '1.4.26' ]
303 silly lockFile be3efc7c-mongodb-1-4-26 mongodb@1.4.26
304 verbose lock mongodb@1.4.26 /Users/peiyang/.npm/be3efc7c-mongodb-1-4-26.lock
305 silly addNameRange number 2 { name: 'monk', range: '*', hasData: true }
306 silly addNameRange versions [ 'monk',
306 silly addNameRange   [ '0.1.0',
306 silly addNameRange     '0.1.2',
306 silly addNameRange     '0.1.3',
306 silly addNameRange     '0.1.4',
306 silly addNameRange     '0.1.5',
306 silly addNameRange     '0.1.6',
306 silly addNameRange     '0.1.7',
306 silly addNameRange     '0.1.8',
306 silly addNameRange     '0.1.9',
306 silly addNameRange     '0.1.10',
306 silly addNameRange     '0.1.11',
306 silly addNameRange     '0.1.12',
306 silly addNameRange     '0.1.13',
306 silly addNameRange     '0.1.14',
306 silly addNameRange     '0.1.15',
306 silly addNameRange     '0.2.0',
306 silly addNameRange     '0.2.1',
306 silly addNameRange     '0.3.0',
306 silly addNameRange     '0.4.0',
306 silly addNameRange     '0.5.0',
306 silly addNameRange     '0.6.0',
306 silly addNameRange     '0.7.0',
306 silly addNameRange     '0.7.1',
306 silly addNameRange     '0.8.0',
306 silly addNameRange     '0.8.1',
306 silly addNameRange     '0.9.0',
306 silly addNameRange     '0.9.1' ] ]
307 verbose addNamed [ 'monk', '0.9.1' ]
308 verbose addNamed [ '0.9.1', '0.9.1' ]
309 silly lockFile ee83df35-monk-0-9-1 monk@0.9.1
310 verbose lock monk@0.9.1 /Users/peiyang/.npm/ee83df35-monk-0-9-1.lock
311 silly lockFile 2d7fb097-js-org-express-express-4-9-8-tgz https://registry.npmjs.org/express/-/express-4.9.8.tgz
312 silly lockFile 2d7fb097-js-org-express-express-4-9-8-tgz https://registry.npmjs.org/express/-/express-4.9.8.tgz
313 silly lockFile dc343487-s-org-mongodb-mongodb-1-4-26-tgz https://registry.npmjs.org/mongodb/-/mongodb-1.4.26.tgz
314 verbose lock https://registry.npmjs.org/mongodb/-/mongodb-1.4.26.tgz /Users/peiyang/.npm/dc343487-s-org-mongodb-mongodb-1-4-26-tgz.lock
315 silly lockFile 3e3a25f6-express-4-9-8 express@4.9.8
316 silly lockFile 3e3a25f6-express-4-9-8 express@4.9.8
317 silly lockFile 6ae7fa08-express-4-9-0 express@~4.9.0
318 silly lockFile 6ae7fa08-express-4-9-0 express@~4.9.0
319 silly lockFile 2eeee082-ry-npmjs-org-monk-monk-0-9-1-tgz https://registry.npmjs.org/monk/-/monk-0.9.1.tgz
320 verbose lock https://registry.npmjs.org/monk/-/monk-0.9.1.tgz /Users/peiyang/.npm/2eeee082-ry-npmjs-org-monk-monk-0-9-1-tgz.lock
321 verbose addRemoteTarball [ 'https://registry.npmjs.org/mongodb/-/mongodb-1.4.26.tgz',
321 verbose addRemoteTarball   'ec57c8aaa6f480b0de038fda19bebf15993df736' ]
322 verbose addRemoteTarball [ 'https://registry.npmjs.org/monk/-/monk-0.9.1.tgz',
322 verbose addRemoteTarball   '641598a4a2e7cea89bfa8abf945ccbcc81369e23' ]
323 info retry fetch attempt 1 at 13:25:43
324 verbose fetch to= /var/folders/ln/vp5rgr314xn7zj3xb18lbp2h0000gn/T/npm-32391-uSwylsEH/registry.npmjs.org/mongodb/-/mongodb-1.4.26.tgz
325 http GET https://registry.npmjs.org/mongodb/-/mongodb-1.4.26.tgz
326 info retry fetch attempt 1 at 13:25:43
327 verbose fetch to= /var/folders/ln/vp5rgr314xn7zj3xb18lbp2h0000gn/T/npm-32391-uSwylsEH/registry.npmjs.org/monk/-/monk-0.9.1.tgz
328 http 200 https://registry.npmjs.org/body-parser
329 silly registry.get cb [ 200,
329 silly registry.get   { date: 'Sun, 04 Jan 2015 21:25:43 GMT',
329 silly registry.get     server: 'CouchDB/1.5.0 (Erlang OTP/R16B03)',
329 silly registry.get     etag: '"3CQN6PTFA5GIYUFRX17N433B3"',
329 silly registry.get     'content-type': 'application/json',
329 silly registry.get     'cache-control': 'max-age=60',
329 silly registry.get     'content-length': '77842',
329 silly registry.get     'accept-ranges': 'bytes',
329 silly registry.get     via: '1.1 varnish',
329 silly registry.get     age: '0',
329 silly registry.get     'x-served-by': 'cache-sjc3133-SJC',
329 silly registry.get     'x-cache': 'HIT',
329 silly registry.get     'x-cache-hits': '1',
329 silly registry.get     'x-timer': 'S1420406742.994817,VS0,VE362',
329 silly registry.get     vary: 'Accept',
329 silly registry.get     'keep-alive': 'timeout=10, max=50',
329 silly registry.get     connection: 'Keep-Alive' } ]
330 http GET https://registry.npmjs.org/monk/-/monk-0.9.1.tgz
331 silly addNameRange number 2 { name: 'body-parser',
331 silly addNameRange   range: '>=1.8.1-0 <1.9.0-0',
331 silly addNameRange   hasData: true }
332 silly addNameRange versions [ 'body-parser',
332 silly addNameRange   [ '1.0.0',
332 silly addNameRange     '1.0.1',
332 silly addNameRange     '1.0.2',
332 silly addNameRange     '1.1.0',
332 silly addNameRange     '1.1.1',
332 silly addNameRange     '1.1.2',
332 silly addNameRange     '1.2.0',
332 silly addNameRange     '1.2.1',
332 silly addNameRange     '1.2.2',
332 silly addNameRange     '1.3.0',
332 silly addNameRange     '1.3.1',
332 silly addNameRange     '1.4.0',
332 silly addNameRange     '1.4.1',
332 silly addNameRange     '1.4.2',
332 silly addNameRange     '1.4.3',
332 silly addNameRange     '1.5.0',
332 silly addNameRange     '1.5.1',
332 silly addNameRange     '1.5.2',
332 silly addNameRange     '1.6.0',
332 silly addNameRange     '1.6.1',
332 silly addNameRange     '1.6.2',
332 silly addNameRange     '1.6.3',
332 silly addNameRange     '1.6.4',
332 silly addNameRange     '1.6.5',
332 silly addNameRange     '1.6.6',
332 silly addNameRange     '1.6.7',
332 silly addNameRange     '1.7.0',
332 silly addNameRange     '1.8.0',
332 silly addNameRange     '1.8.1',
332 silly addNameRange     '1.8.2',
332 silly addNameRange     '1.8.3',
332 silly addNameRange     '1.8.4',
332 silly addNameRange     '1.9.0',
332 silly addNameRange     '1.9.1',
332 silly addNameRange     '1.9.2',
332 silly addNameRange     '1.9.3',
332 silly addNameRange     '1.10.0',
332 silly addNameRange     '1.10.1' ] ]
333 verbose addNamed [ 'body-parser', '1.8.4' ]
334 verbose addNamed [ '1.8.4', '1.8.4' ]
335 silly lockFile 5cba912c-body-parser-1-8-4 body-parser@1.8.4
336 verbose lock body-parser@1.8.4 /Users/peiyang/.npm/5cba912c-body-parser-1-8-4.lock
337 silly lockFile 58a51cf2-ody-parser-body-parser-1-8-4-tgz https://registry.npmjs.org/body-parser/-/body-parser-1.8.4.tgz
338 verbose lock https://registry.npmjs.org/body-parser/-/body-parser-1.8.4.tgz /Users/peiyang/.npm/58a51cf2-ody-parser-body-parser-1-8-4-tgz.lock
339 verbose addRemoteTarball [ 'https://registry.npmjs.org/body-parser/-/body-parser-1.8.4.tgz',
339 verbose addRemoteTarball   'd497e04bc13b3f9a8bd8c70bb0cdc16f2e028898' ]
340 info retry fetch attempt 1 at 13:25:43
341 verbose fetch to= /var/folders/ln/vp5rgr314xn7zj3xb18lbp2h0000gn/T/npm-32391-uSwylsEH/registry.npmjs.org/body-parser/-/body-parser-1.8.4.tgz
342 http GET https://registry.npmjs.org/body-parser/-/body-parser-1.8.4.tgz
343 http 200 https://registry.npmjs.org/mongodb/-/mongodb-1.4.26.tgz
344 http 200 https://registry.npmjs.org/monk/-/monk-0.9.1.tgz
345 http 200 https://registry.npmjs.org/body-parser/-/body-parser-1.8.4.tgz
346 silly lockFile 2eeee082-ry-npmjs-org-monk-monk-0-9-1-tgz https://registry.npmjs.org/monk/-/monk-0.9.1.tgz
347 silly lockFile 2eeee082-ry-npmjs-org-monk-monk-0-9-1-tgz https://registry.npmjs.org/monk/-/monk-0.9.1.tgz
348 silly lockFile ee83df35-monk-0-9-1 monk@0.9.1
349 silly lockFile ee83df35-monk-0-9-1 monk@0.9.1
350 silly lockFile 0950a84a-monk monk@*
351 silly lockFile 0950a84a-monk monk@*
352 silly lockFile 58a51cf2-ody-parser-body-parser-1-8-4-tgz https://registry.npmjs.org/body-parser/-/body-parser-1.8.4.tgz
353 silly lockFile 58a51cf2-ody-parser-body-parser-1-8-4-tgz https://registry.npmjs.org/body-parser/-/body-parser-1.8.4.tgz
354 silly lockFile 5cba912c-body-parser-1-8-4 body-parser@1.8.4
355 silly lockFile 5cba912c-body-parser-1-8-4 body-parser@1.8.4
356 silly lockFile a49948c1-body-parser-1-8-1 body-parser@~1.8.1
357 silly lockFile a49948c1-body-parser-1-8-1 body-parser@~1.8.1
358 silly lockFile dc343487-s-org-mongodb-mongodb-1-4-26-tgz https://registry.npmjs.org/mongodb/-/mongodb-1.4.26.tgz
359 silly lockFile dc343487-s-org-mongodb-mongodb-1-4-26-tgz https://registry.npmjs.org/mongodb/-/mongodb-1.4.26.tgz
360 silly lockFile be3efc7c-mongodb-1-4-26 mongodb@1.4.26
361 silly lockFile be3efc7c-mongodb-1-4-26 mongodb@1.4.26
362 silly lockFile 842f93d5-mongodb mongodb@*
363 silly lockFile 842f93d5-mongodb mongodb@*
364 error Error: EACCES, mkdir '/Users/peiyang/.npm/debug/2.0.0'
364 error  { [Error: EACCES, mkdir '/Users/peiyang/.npm/debug/2.0.0']
364 error   errno: 3,
364 error   code: 'EACCES',
364 error   path: '/Users/peiyang/.npm/debug/2.0.0',
364 error   parent: 'app' }
365 error Please try running this command again as root/Administrator.
366 error System Darwin 13.4.0
367 error command "node" "/usr/local/bin/npm" "install"
368 error cwd /Users/peiyang/Documents/Projects/Node JS/Simple Web Application #2/app
369 error node -v v0.10.33
370 error npm -v 1.4.28
371 error path /Users/peiyang/.npm/debug/2.0.0
372 error code EACCES
373 error errno 3
374 error stack Error: EACCES, mkdir '/Users/peiyang/.npm/debug/2.0.0'
375 verbose exit [ 3, true ]
